2024-06-28 12:09:05 - INFO - Match DataFrame Summary:
2024-06-28 12:09:12 - INFO - 

[bold magenta]Summary of DataFrame[/bold magenta]
+--------------------+----------------+----------------+---------------+-------------------------------+------------+------------+-------------+--------------------+---------------+--------------------+-----------------+-----------------+-----------+-------------------------------+-------------------------------+------------------------+
|       Column       |     Dtype      | Missing Values | Unique Values |         Sample Value          | Min Length | Max Length | Span Length |        Mean        |    Median     |      Std Dev       | 25th Percentile | 75th Percentile | Num Zeros |             Mode              |      Top Frequent Value       | Frequency of Top Value |
+--------------------+----------------+----------------+---------------+-------------------------------+------------+------------+-------------+--------------------+---------------+--------------------+-----------------+-----------------+-----------+-------------------------------+-------------------------------+------------------------+
|     tourney_id     |     object     |       0        |     3296      |           2003-845            |     4      |     9      |      5      |        <NA>        |     <NA>      |        <NA>        |      <NA>       |      <NA>       |    nan    |             Hard              |             Hard              |          2839          |
|    tourney_name    |     object     |       0        |      675      |          Mantova CH           |     2      |     29     |     27      |        <NA>        |     <NA>      |        <NA>        |      <NA>       |      <NA>       |    nan    |              32               |              32               |          5838          |
|      surface       |     object     |       0        |       6       |             Clay              |     1      |     6      |      5      |        <NA>        |     <NA>      |        <NA>        |      <NA>       |      <NA>       |    nan    |             Clay              |             Clay              |         47589          |
|     draw_size      |     Int64      |     16136      |      40       |              32               |     1      |     8      |      7      | 1279337.7607835953 |     32.0      | 4916079.921624694  |      32.0       |      32.0       |    0.0    |              32               |              32               |         86741          |
|   tourney_level    |     object     |       0        |      83       |               C               |     1      |     3      |      2      |        <NA>        |     <NA>      |        <NA>        |      <NA>       |      <NA>       |    nan    |               C               |               C               |         86288          |
|    tourney_date    | datetime64[ns] |       0        |     1777      | 1970-01-01 00:00:00.020030630 |     29     |     29     |      0      |        <NA>        |     <NA>      |        <NA>        |      <NA>       |      <NA>       |    nan    | 1970-01-01 00:00:00.020161107 | 1970-01-01 00:00:00.020161107 |          331           |
|     match_num      |     Int64      |      3247      |      193      |               1               |     1      |     3      |      2      | 39.15119403549937  |     17.0      | 73.17614721253165  |       8.0       |      26.0       |    0.0    |               1               |               1               |          3474          |
|     winner_id      |     Int64      |      5886      |     2782      |            103454             |     6      |     6      |      0      | 104727.76132669597 |   104262.0    | 4208.741719403663  |    103490.0     |    105065.0     |    0.0    |            103105             |            103105             |          466           |
|    winner_seed     |     Int64      |     64720      |      32       |               1               |     1      |     2      |      1      | 4.789163029466971  |      4.0      | 3.787838087328022  |       2.0       |       6.0       |    0.0    |               1               |               1               |          6505          |
|    winner_entry    |     object     |       0        |      18       |              nan              |     1      |     4      |      3      |        <NA>        |     <NA>      |        <NA>        |      <NA>       |      <NA>       |    nan    |              nan              |              nan              |         89409          |
|    winner_name     |     object     |       0        |     2802      |         Nicolas Massu         |     3      |     36     |     33      |        <NA>        |     <NA>      |        <NA>        |      <NA>       |      <NA>       |    nan    |              nan              |              nan              |          4348          |
|    winner_hand     |     object     |       0        |      21       |               R               |     1      |     1      |      0      |        <NA>        |     <NA>      |        <NA>        |      <NA>       |      <NA>       |    nan    |               R               |               R               |         82970          |
|     winner_ht      |    Float64     |     27304      |     2378      |             183.0             |     4      |     13     |      9      | 172.81213806786835 |     183.0     | 41.53474445732478  |      178.0      |      188.0      |    0.0    |             183.0             |             183.0             |         12403          |
|     winner_ioc     |     object     |       0        |      818      |              CHI              |     3      |     3      |      0      |        <NA>        |     <NA>      |        <NA>        |      <NA>       |      <NA>       |    nan    |              USA              |              USA              |          8543          |
|     winner_age     |    float64     |      113       |     7328      |         23.7207392197         |     3      |     13     |     10      | 37.12065540312762  | 25.2128678987 | 65.89876382474552  |  22.5379876797  |  28.1889117043  |    0.0    |         25.2128678987         |         25.2128678987         |           63           |
|    winner_rank     |     Int64      |      8404      |     2746      |             <NA>              |     1      |     6      |      5      | 7011.297617745064  |     204.0     | 27660.487610713848 |      138.0      |      316.0      |    0.0    |              122              |              122              |          515           |
| winner_rank_points |     Int64      |     12763      |     1069      |             <NA>              |     1      |     4      |      3      | 271.15283438695724 |     228.0     | 190.1652769301145  |      135.0      |      375.0      |    0.0    |               5               |               5               |          347           |
|      loser_id      |     Int64      |      5886      |     5328      |            103916             |     6      |     6      |      0      | 105531.03443858985 |   104368.0    | 7996.9254990829795 |    103529.0     |    105257.0     |    0.0    |            103105             |            103105             |          296           |
|     loser_seed     |     Int64      |     84456      |      33       |             <NA>              |     1      |     2      |      1      | 5.243515908998081  |      5.0      | 3.8159614631635765 |       3.0       |       7.0       |    0.0    |               8               |               8               |          3130          |
|    loser_entry     |     object     |       0        |      18       |              nan              |     1      |     4      |      3      |        <NA>        |     <NA>      |        <NA>        |      <NA>       |      <NA>       |    nan    |              nan              |              nan              |         77993          |
|     loser_name     |     object     |       0        |     5342      |      Cristian Villagran       |     3      |     37     |     34      |        <NA>        |     <NA>      |        <NA>        |      <NA>       |      <NA>       |    nan    |              nan              |              nan              |          4708          |
|     loser_hand     |     object     |       0        |      23       |               R               |     1      |     1      |      0      |        <NA>        |     <NA>      |        <NA>        |      <NA>       |      <NA>       |    nan    |               R               |               R               |         75878          |
|      loser_ht      |    Float64     |     40403      |     3586      |             180.0             |     4      |     13     |      9      | 170.54365399136356 |     183.0     | 44.85687767904777  |      178.0      |      188.0      |    0.0    |             183.0             |             183.0             |         10337          |
|     loser_ioc      |     object     |       0        |      975      |              ARG              |     3      |     3      |      0      |        <NA>        |     <NA>      |        <NA>        |      <NA>       |      <NA>       |    nan    |              USA              |              USA              |          8573          |
|     loser_age      |    float64     |      777       |     8138      |         21.440109514          |     3      |     13     |     10      | 33.81032333923637  | 24.7638603696 | 54.23032416115075  |  22.0616016427  |  27.7837097878  |    0.0    |              1.0              |              1.0              |          149           |
|     loser_rank     |     Int64      |     16948      |     1926      |             <NA>              |     1      |     4      |      3      | 333.69486145383786 |     244.0     | 289.62260344630164 |      168.0      |      371.0      |    0.0    |              184              |              184              |          343           |
| loser_rank_points  |     Int64      |     11062      |     1036      |             <NA>              |     1      |     4      |      3      | 198.23735913442383 |     166.0     | 166.0584830507975  |      78.0       |      274.0      |    0.0    |               3               |               3               |          6440          |
|       score        |     object     |       0        |     5437      |            6-2 6-4            |     1      |     28     |     27      |        <NA>        |     <NA>      |        <NA>        |      <NA>       |      <NA>       |    nan    |            6-4 6-4            |            6-4 6-4            |          4060          |
|      best_of       |     Int64      |      100       |      197      |               3               |     1      |     3      |      2      |  7.69955622525014  |      3.0      | 21.233919537206607 |       3.0       |       3.0       |   29.0    |               3               |               3               |         102912         |
|       round        |     object     |       0        |      39       |              R32              |     1      |     4      |      3      |        <NA>        |     <NA>      |        <NA>        |      <NA>       |      <NA>       |    nan    |              R32              |              R32              |         42706          |
|      minutes       |     Int64      |     59358      |      252      |             <NA>              |     1      |     4      |      3      | 82.85946229402391  |     82.0      | 43.420427174683155 |      62.0       |      110.0      |   892.0   |               1               |               1               |          1247          |
|       w_ace        |     Int64      |     56681      |      146      |             <NA>              |     1      |     3      |      2      | 12.01201729878679  |      5.0      | 21.691260726745565 |       2.0       |       9.0       |  3334.0   |               2               |               2               |          5908          |
|        w_df        |     Int64      |     56681      |      99       |             <NA>              |     1      |     3      |      2      | 6.960561062421065  |      2.0      | 13.577788801740109 |       1.0       |       5.0       |  6967.0   |               1               |               1               |         10374          |
|       w_svpt       |     Int64      |     56681      |      162      |             <NA>              |     1      |     3      |      2      | 64.39469554900685  |     61.0      | 24.44803455465627  |      47.0       |      81.0       |   14.0    |              50               |              50               |          993           |
|      w_1stIn       |     Int64      |     56681      |      114      |             <NA>              |     1      |     3      |      2      | 39.09259826246699  |     38.0      | 16.544680309489163 |      28.0       |      50.0       |   19.0    |              33               |              33               |          1449          |
|      w_1stWon      |     Int64      |     56681      |      82       |             <NA>              |     1      |     3      |      2      | 28.97690305790501  |     28.0      | 11.411477114693081 |      22.0       |      36.0       |   15.0    |              25               |              25               |          2102          |
|      w_2ndWon      |     Int64      |     56681      |      46       |             <NA>              |     1      |     2      |      1      | 13.242967583910598 |     13.0      | 6.4151673742630235 |       9.0       |      17.0       |  1024.0   |              12               |              12               |          3592          |
|      w_SvGms       |     Int64      |     56681      |      31       |             <NA>              |     1      |     2      |      1      | 10.238068812430633 |     10.0      |  3.61257726104902  |       8.0       |      13.0       |   586.0   |               9               |               9               |          8311          |
|     w_bpSaved      |     Int64      |     56681      |      29       |             <NA>              |     1      |     2      |      1      | 3.2618929159171803 |      3.0      | 2.9151189725896107 |       1.0       |       5.0       |  9230.0   |               0               |               0               |          9230          |
|     w_bpFaced      |     Int64      |     56681      |      28       |             <NA>              |     1      |     2      |      1      | 4.644819931876459  |      4.0      | 3.6345446088817526 |       2.0       |       7.0       |  5146.0   |               2               |               2               |          6413          |
|       l_ace        |     Int64      |     56681      |      145      |             <NA>              |     1      |     3      |      2      | 11.109954456733897 |      3.0      | 22.68316008862792  |       1.0       |       7.0       |  6837.0   |               1               |               1               |          8117          |
|        l_df        |     Int64      |     56681      |      98       |             <NA>              |     1      |     3      |      2      | 7.736652761299705  |      3.0      | 13.45257202311817  |       2.0       |       6.0       |  3553.0   |               2               |               2               |          8710          |
|       l_svpt       |     Int64      |     56681      |      171      |             <NA>              |     1      |     3      |      2      | 66.38143442152398  |     64.0      | 25.078477918028295 |      51.0       |      83.0       |   27.0    |              58               |              58               |          1021          |
|      l_1stIn       |     Int64      |     56681      |      113      |             <NA>              |     1      |     3      |      2      | 39.34513375942439  |     38.0      | 16.93985219786479  |      28.0       |      50.0       |   31.0    |              34               |              34               |          1472          |
|      l_1stWon      |     Int64      |     56681      |      82       |             <NA>              |     1      |     3      |      2      |  25.5068888973937  |     24.0      | 11.746375744501158 |      16.25      |      33.0       |   40.0    |              21               |              21               |          1775          |
|      l_2ndWon      |     Int64      |     56681      |      44       |             <NA>              |     1      |     2      |      1      | 11.841230050901297 |     11.0      | 6.268259296398919  |       7.0       |      16.0       |   410.0   |               9               |               9               |          3406          |
|      l_SvGms       |     Int64      |     56681      |      31       |             <NA>              |     1      |     2      |      1      | 10.485916031995101 |     10.0      | 3.146432122197338  |       8.0       |      13.0       |   37.0    |               9               |               9               |          8858          |
|     l_bpSaved      |     Int64      |     62514      |      25       |             <NA>              |     1      |     2      |      1      | 4.446548196015078  |      4.0      | 2.976766868704563  |       2.0       |       6.0       |  2414.0   |               3               |               3               |          6781          |
|     l_bpFaced      |     Int64      |     62514      |      30       |             <NA>              |     1      |     2      |      1      | 8.311922455573505  |      8.0      | 3.556515631974633  |       6.0       |      10.0       |   96.0    |               7               |               7               |          5670          |
+--------------------+----------------+----------------+---------------+-------------------------------+------------+------------+-------------+--------------------+---------------+--------------------+-----------------+-----------------+-----------+-------------------------------+-------------------------------+------------------------+
2024-06-28 12:09:12 - INFO - 
[bold cyan]Additional Information:[/bold cyan]
Shape: (108939, 49)
Total Missing Values: 1389487
Total Size (rows * columns): 5338011
Memory Usage: 111.57 MB
2024-06-28 12:09:12 - INFO - Player DataFrame Summary:
2024-06-28 12:09:13 - INFO - 

[bold magenta]Summary of DataFrame[/bold magenta]
+--------------+----------------+----------------+---------------+---------------------+------------+------------+-------------+--------------------+----------+-------------------+-----------------+-----------------+-----------+---------------------+---------------------+------------------------+
|    Column    |     Dtype      | Missing Values | Unique Values |    Sample Value     | Min Length | Max Length | Span Length |        Mean        |  Median  |      Std Dev      | 25th Percentile | 75th Percentile | Num Zeros |        Mode         | Top Frequent Value  | Frequency of Top Value |
+--------------+----------------+----------------+---------------+---------------------+------------+------------+-------------+--------------------+----------+-------------------+-----------------+-----------------+-----------+---------------------+---------------------+------------------------+
|  player_id   |     Int64      |       0        |     52759     |       132830        |     6      |     6      |      0      | 134462.82078887016 | 126395.0 | 31199.10262163582 |    113205.5     |    139584.5     |    0.0    |       100001        |       100001        |           1            |
|  first_name  |     object     |       0        |     13008     |       Marlon        |     1      |     43     |     42      |        <NA>        |   <NA>   |       <NA>        |      <NA>       |      <NA>       |    nan    |        David        |        David        |          527           |
|  last_name   |     object     |       0        |     34024     |       Sterni        |     1      |     34     |     33      |        <NA>        |   <NA>   |       <NA>        |      <NA>       |      <NA>       |    nan    |         Lee         |         Lee         |          119           |
|     hand     |     object     |       0        |       5       |          U          |     1      |     3      |      2      |        <NA>        |   <NA>   |       <NA>        |      <NA>       |      <NA>       |    nan    |          U          |          U          |         30793          |
|  birth_date  | datetime64[ns] |     10835      |     14766     | 1990-02-22 00:00:00 |     10     |     10     |      0      |        <NA>        |   <NA>   |       <NA>        |      <NA>       |      <NA>       |    nan    | 1995-02-09 00:00:00 | 1995-02-09 00:00:00 |           15           |
| country_code |     object     |       0        |      203      |         ITA         |     3      |     3      |      0      |        <NA>        |   <NA>   |       <NA>        |      <NA>       |      <NA>       |    nan    |         USA         |         USA         |          8635          |
+--------------+----------------+----------------+---------------+---------------------+------------+------------+-------------+--------------------+----------+-------------------+-----------------+-----------------+-----------+---------------------+---------------------+------------------------+
2024-06-28 12:09:13 - INFO - 
[bold cyan]Additional Information:[/bold cyan]
Shape: (52759, 6)
Total Missing Values: 10835
Total Size (rows * columns): 316554
Memory Usage: 11.61 MB
2024-06-28 12:09:13 - ERROR - An error occurred: (pyodbc.ProgrammingError) ("A TVP's rows must all be the same size.", 'HY000')
[SQL: 
        SELECT tourney_id, match_num 
        FROM dbo.atp_matches 
        WHERE tourney_id IN ? 
        AND match_num IN ?
    ]
[parameters: (('1999-670', '1999-778', '1999-672', '1999-280', '1999-686', '1999-313', '1999-67', '1999-68', '1999-487', '1999-486', '1999-485', '1999-489', '1999-5 ... (40406 characters truncated) ... 6-7581', '2016-6967', '2016-0568', '2016-M015', '2016-0329', '2016-7485', '2016-M014', '2016-0429', '2016-0328', '2016-0337', 'Hard', 'Clay', 'Grass'), (1, 2, 3, 4, 5, 6, 7, 8, 9, 10, 11, 12, 13, 14, 15, 16, 17, 18, 19, 20, 21, 22, 23, 24, 25, 26, 27, 28, 29, 30, 31, 32, 33, 34, 35, 36, 37, 38, 39, 40 ... (557 characters truncated) ...  249, 248, 247, 246, 245, 244, 243, 242, 241, 240, 237, 236, 235, 233, 232, 231, 229, 228, 239, 230, 227, 234, 238, 226, 225, 224, 223, 222, 221, 220))]
(Background on this error at: https://sqlalche.me/e/20/f405)
2024-06-28 12:09:13 - INFO - Number of errors encountered: 1
2024-06-28 12:09:13 - INFO - Total execution time: 00:00:09
