2024-06-28 11:52:48 - INFO - Match DataFrame Summary:
2024-06-28 11:52:55 - INFO - 

[bold magenta]Summary of DataFrame[/bold magenta]
+--------------------+----------------+----------------+---------------+-------------------------------+------------+------------+--------------------+---------------+-------------------------------+
|       Column       |     Dtype      | Missing Values | Unique Values |         Sample Value          | Min Length | Max Length |        Mean        |    Median     |             Mode              |
+--------------------+----------------+----------------+---------------+-------------------------------+------------+------------+--------------------+---------------+-------------------------------+
|     tourney_id     |     object     |       0        |     3296      |           2016-0558           |     4      |     9      |        <NA>        |     <NA>      |             Hard              |
|    tourney_name    |     object     |       0        |      675      |         Prostejov CH          |     2      |     29     |        <NA>        |     <NA>      |              32               |
|      surface       |     object     |       0        |       6       |             Clay              |     1      |     6      |        <NA>        |     <NA>      |             Clay              |
|     draw_size      |     Int64      |     16136      |      40       |              32               |     1      |     8      | 1279337.7607835953 |     32.0      |              32               |
|   tourney_level    |     object     |       0        |      83       |               C               |     1      |     3      |        <NA>        |     <NA>      |               C               |
|    tourney_date    | datetime64[ns] |       0        |     1777      | 1970-01-01 00:00:00.020160530 |     29     |     29     |        <NA>        |     <NA>      | 1970-01-01 00:00:00.020161107 |
|     match_num      |     Int64      |      3247      |      193      |              274              |     1      |     3      | 39.15119403549937  |     17.0      |               1               |
|     winner_id      |     Int64      |      5886      |     2782      |            106210             |     6      |     6      | 104727.76132669597 |   104262.0    |            103105             |
|    winner_seed     |     Int64      |     64720      |      32       |               3               |     1      |     2      | 4.789163029466971  |      4.0      |               1               |
|    winner_entry    |     object     |       0        |      18       |              nan              |     1      |     4      |        <NA>        |     <NA>      |              nan              |
|    winner_name     |     object     |       0        |     2802      |          Jiri Vesely          |     3      |     36     |        <NA>        |     <NA>      |              nan              |
|    winner_hand     |     object     |       0        |      21       |               L               |     1      |     1      |        <NA>        |     <NA>      |               R               |
|     winner_ht      |    Float64     |     27304      |     2378      |             <NA>              |     4      |     13     | 172.81213806786835 |     183.0     |             183.0             |
|     winner_ioc     |     object     |       0        |      818      |              CZE              |     3      |     3      |        <NA>        |     <NA>      |              USA              |
|     winner_age     |    float64     |      113       |     7328      |         22.8692676249         |     3      |     13     | 37.12065540312762  | 25.2128678987 |         25.2128678987         |
|    winner_rank     |     Int64      |      8404      |     2746      |              60               |     1      |     6      | 7011.297617745064  |     204.0     |              122              |
| winner_rank_points |     Int64      |     12763      |     1069      |              815              |     1      |     4      | 271.15283438695724 |     228.0     |               5               |
|      loser_id      |     Int64      |      5886      |     5328      |            106358             |     6      |     6      | 105531.03443858985 |   104368.0    |            103105             |
|     loser_seed     |     Int64      |     84456      |      33       |             <NA>              |     1      |     2      | 5.243515908998081  |      5.0      |               8               |
|    loser_entry     |     object     |       0        |      18       |              LL               |     1      |     4      |        <NA>        |     <NA>      |              nan              |
|     loser_name     |     object     |       0        |     5342      |         Miki Jankovic         |     3      |     37     |        <NA>        |     <NA>      |              nan              |
|     loser_hand     |     object     |       0        |      23       |               R               |     1      |     1      |        <NA>        |     <NA>      |               R               |
|      loser_ht      |    Float64     |     40403      |     3586      |             <NA>              |     4      |     13     | 170.54365399136356 |     183.0     |             183.0             |
|     loser_ioc      |     object     |       0        |      975      |              SRB              |     3      |     3      |        <NA>        |     <NA>      |              USA              |
|     loser_age      |    float64     |      777       |     8138      |         21.6563997262         |     3      |     13     | 33.81032333923637  | 24.7638603696 |              1.0              |
|     loser_rank     |     Int64      |     16948      |     1926      |              291              |     1      |     4      | 333.69486145383786 |     244.0     |              184              |
| loser_rank_points  |     Int64      |     11062      |     1036      |              174              |     1      |     4      | 198.23735913442383 |     166.0     |               3               |
|       score        |     object     |       0        |     5437      |       7-6(4) 6-7(8) 7-5       |     1      |     28     |        <NA>        |     <NA>      |            6-4 6-4            |
|      best_of       |     Int64      |      100       |      197      |               3               |     1      |     3      |  7.69955622525014  |      3.0      |               3               |
|       round        |     object     |       0        |      39       |              R32              |     1      |     4      |        <NA>        |     <NA>      |              R32              |
|      minutes       |     Int64      |     59358      |      252      |              186              |     1      |     4      | 82.85946229402391  |     82.0      |               1               |
|       w_ace        |     Int64      |     56681      |      146      |              16               |     1      |     3      | 12.01201729878679  |      5.0      |               2               |
|        w_df        |     Int64      |     56681      |      99       |               7               |     1      |     3      | 6.960561062421065  |      2.0      |               1               |
|       w_svpt       |     Int64      |     56681      |      162      |              120              |     1      |     3      | 64.39469554900685  |     61.0      |              50               |
|      w_1stIn       |     Int64      |     56681      |      114      |              69               |     1      |     3      | 39.09259826246699  |     38.0      |              33               |
|      w_1stWon      |     Int64      |     56681      |      82       |              61               |     1      |     3      | 28.97690305790501  |     28.0      |              25               |
|      w_2ndWon      |     Int64      |     56681      |      46       |              21               |     1      |     2      | 13.242967583910598 |     13.0      |              12               |
|      w_SvGms       |     Int64      |     56681      |      31       |              18               |     1      |     2      | 10.238068812430633 |     10.0      |               9               |
|     w_bpSaved      |     Int64      |     56681      |      29       |               4               |     1      |     2      | 3.2618929159171803 |      3.0      |               0               |
|     w_bpFaced      |     Int64      |     56681      |      28       |               7               |     1      |     2      | 4.644819931876459  |      4.0      |               2               |
|       l_ace        |     Int64      |     56681      |      145      |               7               |     1      |     3      | 11.109954456733897 |      3.0      |               1               |
|        l_df        |     Int64      |     56681      |      98       |               2               |     1      |     3      | 7.736652761299705  |      3.0      |               2               |
|       l_svpt       |     Int64      |     56681      |      171      |              131              |     1      |     3      | 66.38143442152398  |     64.0      |              58               |
|      l_1stIn       |     Int64      |     56681      |      113      |              69               |     1      |     3      | 39.34513375942439  |     38.0      |              34               |
|      l_1stWon      |     Int64      |     56681      |      82       |              48               |     1      |     3      |  25.5068888973937  |     24.0      |              21               |
|      l_2ndWon      |     Int64      |     56681      |      44       |              33               |     1      |     2      | 11.841230050901297 |     11.0      |               9               |
|      l_SvGms       |     Int64      |     56681      |      31       |              18               |     1      |     2      | 10.485916031995101 |     10.0      |               9               |
|     l_bpSaved      |     Int64      |     62514      |      25       |               6               |     1      |     2      | 4.446548196015078  |      4.0      |               3               |
|     l_bpFaced      |     Int64      |     62514      |      30       |              10               |     1      |     2      | 8.311922455573505  |      8.0      |               7               |
+--------------------+----------------+----------------+---------------+-------------------------------+------------+------------+--------------------+---------------+-------------------------------+
2024-06-28 11:52:55 - INFO - 
[bold cyan]Additional Information:[/bold cyan]
Shape: (108939, 49)
Total Missing Values: 1389487
Total Size (rows * columns): 5338011
Memory Usage: 111.57 MB
2024-06-28 11:52:55 - INFO - Player DataFrame Summary:
2024-06-28 11:52:55 - INFO - 

[bold magenta]Summary of DataFrame[/bold magenta]
+--------------+----------------+----------------+---------------+---------------------+------------+------------+--------------------+----------+---------------------+
|    Column    |     Dtype      | Missing Values | Unique Values |    Sample Value     | Min Length | Max Length |        Mean        |  Median  |        Mode         |
+--------------+----------------+----------------+---------------+---------------------+------------+------------+--------------------+----------+---------------------+
|  player_id   |     Int64      |       0        |     52759     |       110021        |     6      |     6      | 134462.82078887016 | 126395.0 |       100001        |
|  first_name  |     object     |       0        |     13008     |        Raul         |     1      |     43     |        <NA>        |   <NA>   |        David        |
|  last_name   |     object     |       0        |     34024     |       Peralta       |     1      |     34     |        <NA>        |   <NA>   |         Lee         |
|     hand     |     object     |       0        |       5       |          R          |     1      |     3      |        <NA>        |   <NA>   |          U          |
|  birth_date  | datetime64[ns] |     10835      |     14766     | 1940-06-17 00:00:00 |     10     |     10     |        <NA>        |   <NA>   | 1995-02-09 00:00:00 |
| country_code |     object     |       0        |      203      |         ARG         |     3      |     3      |        <NA>        |   <NA>   |         USA         |
+--------------+----------------+----------------+---------------+---------------------+------------+------------+--------------------+----------+---------------------+
2024-06-28 11:52:55 - INFO - 
[bold cyan]Additional Information:[/bold cyan]
Shape: (52759, 6)
Total Missing Values: 10835
Total Size (rows * columns): 316554
Memory Usage: 11.61 MB
2024-06-28 11:52:55 - ERROR - An error occurred: (pyodbc.ProgrammingError) ("A TVP's rows must all be the same size.", 'HY000')
[SQL: 
        SELECT tourney_id, match_num 
        FROM dbo.atp_matches 
        WHERE tourney_id IN ? 
        AND match_num IN ?
    ]
[parameters: (('1999-670', '1999-778', '1999-672', '1999-280', '1999-686', '1999-313', '1999-67', '1999-68', '1999-487', '1999-486', '1999-485', '1999-489', '1999-5 ... (40406 characters truncated) ... 6-7581', '2016-6967', '2016-0568', '2016-M015', '2016-0329', '2016-7485', '2016-M014', '2016-0429', '2016-0328', '2016-0337', 'Hard', 'Clay', 'Grass'), (1, 2, 3, 4, 5, 6, 7, 8, 9, 10, 11, 12, 13, 14, 15, 16, 17, 18, 19, 20, 21, 22, 23, 24, 25, 26, 27, 28, 29, 30, 31, 32, 33, 34, 35, 36, 37, 38, 39, 40 ... (557 characters truncated) ...  249, 248, 247, 246, 245, 244, 243, 242, 241, 240, 237, 236, 235, 233, 232, 231, 229, 228, 239, 230, 227, 234, 238, 226, 225, 224, 223, 222, 221, 220))]
(Background on this error at: https://sqlalche.me/e/20/f405)
2024-06-28 11:52:55 - INFO - Number of errors encountered: 1
2024-06-28 11:52:55 - INFO - Total execution time: 00:00:09
