2024-06-28 11:43:53 - INFO - Match DataFrame Summary:
2024-06-28 11:43:53 - INFO - 

[bold magenta]Summary of DataFrame[/bold magenta]
+--------------------+----------------+----------------+---------------+-------------------------------+------------+------------+--------------------+--------------------+-------------------------------+
|       Column       |     Dtype      | Missing Values | Unique Values |         Sample Value          | Min Length | Max Length |        Mean        |       Median       |             Mode              |
+--------------------+----------------+----------------+---------------+-------------------------------+------------+------------+--------------------+--------------------+-------------------------------+
|     tourney_id     |     object     |       0        |       3       |           1999-670            |    4.0     |    8.0     |        <NA>        |        <NA>        |             Hard              |
|    tourney_name    |     object     |       0        |       3       |         Binghamton CH         |    2.0     |    13.0    |        <NA>        |        <NA>        |              32               |
|      surface       |     object     |       0        |       3       |             Hard              |    1.0     |    4.0     |        <NA>        |        <NA>        |               A               |
|     draw_size      |     Int64      |       0        |       3       |              32               |    2.0     |    8.0     | 10085067.92857143  |     10085067.0     |              32               |
|   tourney_level    |     object     |       0        |      13       |               C               |    1.0     |    3.0     |        <NA>        |        <NA>        |               C               |
|    tourney_date    | datetime64[ns] |       0        |      35       | 1970-01-01 00:00:00.019990809 |    29.0    |    29.0    |        <NA>        |        <NA>        | 1970-01-01 00:00:00.019990809 |
|     match_num      |     Int64      |       19       |      31       |              16               |    1.0     |    2.0     | 9.987341772151899  |        7.0         |               3               |
|     winner_id      |     Int64      |       49       |      32       |            102103             |    6.0     |    6.0     | 102496.12244897959 |      102457.0      |            102179             |
|    winner_seed     |     Int64      |       82       |       7       |             <NA>              |    1.0     |    1.0     |       3.4375       |        3.0         |               1               |
|    winner_entry    |     object     |       0        |       7       |              nan              |    1.0     |    3.0     |        <NA>        |        <NA>        |               R               |
|    winner_name     |     object     |       0        |      39       |         Michael Sell          |    3.0     |    18.0    |        <NA>        |        <NA>        |              nan              |
|    winner_hand     |     object     |       0        |      14       |               R               |    1.0     |    1.0     |        <NA>        |        <NA>        |               R               |
|     winner_ht      |    Float64     |       2        |      43       |             180.0             |    4.0     |    13.0    | 103.04629391969166 |   38.0999315537    |             185.0             |
|     winner_ioc     |     object     |       0        |      45       |              USA              |    2.0     |    3.0     |        <NA>        |        <NA>        |              USA              |
|     winner_age     |    float64     |       0        |      63       |         26.9596167009         |    4.0     |    13.0    | 192.84270628169082 | 58.838809034899995 |         26.4531143053         |
|    winner_rank     |     Int64      |       1        |      76       |              227              |    2.0     |    6.0     | 54470.67010309279  |      103529.0      |              81               |
| winner_rank_points |     Int64      |       29       |      37       |              180              |    1.0     |    3.0     | 164.9855072463768  |       133.0        |              399              |
|      loser_id      |     Int64      |       49       |      48       |            102455             |    6.0     |    6.0     | 102702.51020408163 |      102735.0      |            102457             |
|     loser_seed     |     Int64      |       88       |       8       |               2               |    1.0     |    1.0     |        4.9         |        5.0         |               5               |
|    loser_entry     |     object     |       0        |       7       |              nan              |    1.0     |    3.0     |        <NA>        |        <NA>        |               R               |
|     loser_name     |     object     |       0        |      59       |         Lorenzo Manta         |    3.0     |    20.0    |        <NA>        |        <NA>        |              nan              |
|     loser_hand     |     object     |       0        |      16       |               R               |    1.0     |    1.0     |        <NA>        |        <NA>        |               R               |
|      loser_ht      |    Float64     |       9        |      60       |             190.0             |    4.0     |    13.0    | 97.22241192349775  |   32.7939767283    |             180.0             |
|     loser_ioc      |     object     |       0        |      67       |              SUI              |    3.0     |    3.0     |        <NA>        |        <NA>        |              USA              |
|     loser_age      |    float64     |       4        |      92       |         24.8952772074         |    3.0     |    13.0    | 168.04499978155317 |   28.54483230665   |             417.0             |
|     loser_rank     |     Int64      |       49       |      47       |              112              |    2.0     |    4.0     | 348.44897959183675 |       274.0        |              298              |
| loser_rank_points  |     Int64      |       0        |      46       |              436              |    1.0     |    3.0     | 83.42857142857143  |        3.0         |               3               |
|       score        |     object     |       0        |      45       |          7-6(1) 6-3           |    2.0     |    14.0    |        <NA>        |        <NA>        |              Q1               |
|      best_of       |     Int64      |       0        |      39       |               3               |    1.0     |    3.0     | 44.90816326530612  |        24.0        |               3               |
|       round        |     object     |       0        |      19       |              R32              |    1.0     |    3.0     |        <NA>        |        <NA>        |              R32              |
|      minutes       |     Int64      |       49       |       9       |             <NA>              |    1.0     |    1.0     | 2.5510204081632653 |        2.0         |               1               |
|       w_ace        |     Int64      |       49       |      38       |             <NA>              |    2.0     |    3.0     |  65.3061224489796  |        59.0        |              57               |
|        w_df        |     Int64      |       49       |      29       |             <NA>              |    2.0     |    2.0     | 39.755102040816325 |        40.0        |              47               |
|       w_svpt       |     Int64      |       49       |      24       |             <NA>              |    2.0     |    2.0     | 30.306122448979593 |        29.0        |              31               |
|      w_1stIn       |     Int64      |       49       |      20       |             <NA>              |    1.0     |    2.0     | 14.10204081632653  |        13.0        |              11               |
|      w_1stWon      |     Int64      |       49       |      10       |             <NA>              |    1.0     |    2.0     | 10.448979591836734 |        10.0        |              10               |
|      w_2ndWon      |     Int64      |       49       |      12       |             <NA>              |    1.0     |    2.0     | 3.3469387755102042 |        3.0         |               2               |
|      w_SvGms       |     Int64      |       49       |      12       |             <NA>              |    1.0     |    2.0     | 4.591836734693878  |        4.0         |               3               |
|     w_bpSaved      |     Int64      |       49       |      12       |             <NA>              |    1.0     |    2.0     | 3.5918367346938775 |        3.0         |               2               |
|     w_bpFaced      |     Int64      |       49       |       9       |             <NA>              |    1.0     |    1.0     | 2.7142857142857144 |        2.0         |               2               |
|       l_ace        |     Int64      |       49       |      35       |             <NA>              |    2.0     |    3.0     |  66.6734693877551  |        61.0        |              49               |
|        l_df        |     Int64      |       49       |      27       |             <NA>              |    2.0     |    2.0     | 40.44897959183673  |        37.0        |              37               |
|       l_svpt       |     Int64      |       49       |      25       |             <NA>              |    2.0     |    2.0     | 25.367346938775512 |        24.0        |              24               |
|      l_1stIn       |     Int64      |       49       |      21       |             <NA>              |    1.0     |    2.0     | 11.857142857142858 |        11.0        |              11               |
|      l_1stWon      |     Int64      |       49       |      11       |             <NA>              |    1.0     |    2.0     | 10.204081632653061 |        10.0        |               9               |
|      l_2ndWon      |     Int64      |       49       |      12       |             <NA>              |    1.0     |    2.0     | 3.877551020408163  |        3.0         |               3               |
|      l_SvGms       |     Int64      |       49       |      13       |             <NA>              |    1.0     |    2.0     | 7.6938775510204085 |        7.0         |               7               |
|     l_bpSaved      |     Int64      |       98       |       0       |             <NA>              |    nan     |    nan     |        <NA>        |        <NA>        |                               |
|     l_bpFaced      |     Int64      |       98       |       0       |             <NA>              |    nan     |    nan     |        <NA>        |        <NA>        |                               |
+--------------------+----------------+----------------+---------------+-------------------------------+------------+------------+--------------------+--------------------+-------------------------------+
2024-06-28 11:43:53 - INFO - 
[bold cyan]Additional Information:[/bold cyan]
Shape: (98, 49)
Total Missing Values: 1410
Total Size (rows * columns): 4802
Memory Usage: 0.10 MB
2024-06-28 11:43:53 - INFO - Player DataFrame Summary:
2024-06-28 11:43:53 - INFO - 

[bold magenta]Summary of DataFrame[/bold magenta]
+--------------+----------------+----------------+---------------+---------------------+------------+------------+----------+----------+---------------------+
|    Column    |     Dtype      | Missing Values | Unique Values |    Sample Value     | Min Length | Max Length |   Mean   |  Median  |        Mode         |
+--------------+----------------+----------------+---------------+---------------------+------------+------------+----------+----------+---------------------+
|  player_id   |     Int64      |       0        |      22       |       100002        |     6      |     6      | 100011.5 | 100011.5 |       100001        |
|  first_name  |     object     |       0        |      22       |       Pancho        |     3      |     14     |   <NA>   |   <NA>   |       Gardnar       |
|  last_name   |     object     |       0        |      22       |       Segura        |     5      |     11     |   <NA>   |   <NA>   |       Mulloy        |
|     hand     |     object     |       0        |       2       |          R          |     1      |     1      |   <NA>   |   <NA>   |          R          |
|  birth_date  | datetime64[ns] |       0        |      22       | 1921-06-20 00:00:00 |     10     |     10     |   <NA>   |   <NA>   | 1913-11-22 00:00:00 |
| country_code |     object     |       0        |      10       |         ECU         |     3      |     3      |   <NA>   |   <NA>   |         AUS         |
+--------------+----------------+----------------+---------------+---------------------+------------+------------+----------+----------+---------------------+
2024-06-28 11:43:53 - INFO - 
[bold cyan]Additional Information:[/bold cyan]
Shape: (22, 6)
Total Missing Values: 0
Total Size (rows * columns): 132
Memory Usage: 0.00 MB
2024-06-28 11:43:53 - ERROR - An error occurred: (pyodbc.ProgrammingError) ("A TVP's rows must be Sequence objects.", 'HY000')
[SQL: 
        SELECT tourney_id, match_num 
        FROM dbo.atp_matches 
        WHERE tourney_id IN ? 
        AND match_num IN ?
    ]
[parameters: (('1999-670', '1999-778', 'Hard'), (1, 2, 3, 4, 5, 6, 7, 8, 9, 10, 11, 12, 13, 14, 15, 16, 17, 18, 19, 20, 21, 22, 23, 24, 25, 26, 27, 28, 29, 30, 31))]
(Background on this error at: https://sqlalche.me/e/20/f405)
2024-06-28 11:43:53 - INFO - Number of errors encountered: 1
2024-06-28 11:43:53 - INFO - Total execution time: 00:00:00
