2024-06-28 13:18:03 - INFO - Player DataFrame Summary:
2024-06-28 13:18:03 - INFO - 

[bold magenta]Summary of DataFrame[/bold magenta]
+--------------+----------------+----------------+---------------+---------------------+------------+------------+-------------+--------------------+----------+-------------------+-----------------+-----------------+-----------+---------------------+---------------------+------------------------+
|    Column    |     Dtype      | Missing Values | Unique Values |    Sample Value     | Min Length | Max Length | Span Length |        Mean        |  Median  |      Std Dev      | 25th Percentile | 75th Percentile | Num Zeros |        Mode         | Top Frequent Value  | Frequency of Top Value |
+--------------+----------------+----------------+---------------+---------------------+------------+------------+-------------+--------------------+----------+-------------------+-----------------+-----------------+-----------+---------------------+---------------------+------------------------+
|  player_id   |     Int64      |       0        |     52759     |       125276        |     6      |     6      |      0      | 134462.82078887016 | 126395.0 | 31199.10262163582 |    113205.5     |    139584.5     |    0.0    |       100001        |       100001        |           1            |
|  first_name  |     object     |       0        |     13008     |       Patrice       |     1      |     43     |     42      |        <NA>        |   <NA>   |       <NA>        |      <NA>       |      <NA>       |    nan    |        David        |        David        |          527           |
|  last_name   |     object     |       0        |     34024     |       Martin        |     1      |     34     |     33      |        <NA>        |   <NA>   |       <NA>        |      <NA>       |      <NA>       |    nan    |         Lee         |         Lee         |          119           |
|     hand     |     object     |       0        |       5       |          U          |     1      |     3      |      2      |        <NA>        |   <NA>   |       <NA>        |      <NA>       |      <NA>       |    nan    |          U          |          U          |         30793          |
|  birth_date  | datetime64[ns] |     10835      |     14766     | 1975-11-07 00:00:00 |     10     |     10     |      0      |        <NA>        |   <NA>   |       <NA>        |      <NA>       |      <NA>       |    nan    | 1995-02-09 00:00:00 | 1995-02-09 00:00:00 |           15           |
| country_code |     object     |       0        |      203      |         FRA         |     3      |     3      |      0      |        <NA>        |   <NA>   |       <NA>        |      <NA>       |      <NA>       |    nan    |         USA         |         USA         |          8635          |
+--------------+----------------+----------------+---------------+---------------------+------------+------------+-------------+--------------------+----------+-------------------+-----------------+-----------------+-----------+---------------------+---------------------+------------------------+
2024-06-28 13:18:03 - INFO - 
[bold cyan]Additional Information:[/bold cyan]
Shape: (52759, 6)
Total Missing Values: 10835
Total Size (rows * columns): 316554
Memory Usage: 11.61 MB
2024-06-28 13:18:05 - ERROR - An error occurred: (pyodbc.ProgrammingError) ('42000', "[42000] [Microsoft][ODBC Driver 17 for SQL Server][SQL Server]String or binary data would be truncated in table 'ATP_0_Main.dbo.atp_players', column 'hand'. Truncated value: 'n'. (2628) (SQLExecDirectW); [42000] [Microsoft][ODBC Driver 17 for SQL Server][SQL Server]The statement has been terminated. (3621)")
[SQL: INSERT INTO atp_players (player_id, first_name, last_name, hand, birth_date, country_code) VALUES (?, ?, ?, ?, ?, ?), (?, ?, ?, ?, ?, ?), (?, ?, ?, ?, ?, ?), (?, ?, ?, ?, ?, ?), (?, ?, ?, ?, ?, ?), (?, ?, ?, ?, ?, ?), (?, ?, ?, ?, ?, ?), (?, ?, ?, ?, ... 6726 characters truncated ... , (?, ?, ?, ?, ?, ?), (?, ?, ?, ?, ?, ?), (?, ?, ?, ?, ?, ?), (?, ?, ?, ?, ?, ?), (?, ?, ?, ?, ?, ?)]
[parameters: (108740, 'Cyril', 'Jacobe', 'U', datetime.datetime(1983, 3, 31, 0, 0), 'VAN', 108741, 'Mohd', 'Assri Merzuki', 'R', datetime.datetime(1994, 12, 28, 0, 0), 'MAS', 108742, 'Siu Fai Kelvin', 'Lam', 'R', datetime.datetime(1994, 1, 6, 0, 0), 'HKG', 108743, 'Rajeev', 'Rajapakse', 'U', datetime.datetime(1980, 5, 11, 0, 0), 'SRI', 108744, 'Rodrigo', 'Rappaccioli', 'U', datetime.datetime(1990, 9, 26, 0, 0), 'ESA', 108745, 'Gino', 'Meeuwsen', 'R', datetime.datetime(1992, 6, 9, 0, 0), 'AHO', 108746, 'Austen', 'Childs', 'U', datetime.datetime(1989, 2, 23, 0, 0), 'NZL', 108747, 'Dineshkanthan', 'Thangarajah', 'U', datetime.datetime(1991, 1, 5, 0, 0), 'SRI', 108748, 'Lukas' ... 1994 parameters truncated ... datetime.datetime(1979, 1, 27, 0, 0), 'ESP', 109081, 'Nejc', 'Smole', 'U', datetime.datetime(1983, 8, 28, 0, 0), 'SLO', 109082, 'Tobias', 'Huelsen', 'U', datetime.datetime(1982, 8, 30, 0, 0), 'GER', 109083, 'Ilja', 'Kovalev', 'L', datetime.datetime(1991, 9, 23, 0, 0), 'RUS', 109084, 'Tommaso', 'Metti', 'U', datetime.datetime(1993, 1, 25, 0, 0), 'ITA', 109085, 'Nicolai', 'Horgen', 'U', datetime.datetime(1986, 5, 9, 0, 0), 'NOR', 109086, 'Ernest', 'Erkeev', 'R', datetime.datetime(1987, 1, 30, 0, 0), 'RUS', 109087, 'Dmitri', 'Lomakin', 'U', datetime.datetime(1984, 4, 6, 0, 0), 'RUS', 109088, 'Dmitri', 'Dudko', 'R', datetime.datetime(1982, 1, 19, 0, 0), 'RUS')]
(Background on this error at: https://sqlalche.me/e/20/f405)
2024-06-28 13:18:05 - INFO - Number of errors encountered: 1
2024-06-28 13:18:05 - INFO - Total execution time: 00:00:02
