2024-06-28 13:26:33 - INFO - Player DataFrame Summary:
2024-06-28 13:26:33 - INFO - 

[bold magenta]Summary of DataFrame[/bold magenta]
+--------------+----------------+----------------+---------------+---------------------+------------+------------+-------------+--------------------+----------+-------------------+-----------------+-----------------+-----------+---------------------+---------------------+------------------------+
|    Column    |     Dtype      | Missing Values | Unique Values |    Sample Value     | Min Length | Max Length | Span Length |        Mean        |  Median  |      Std Dev      | 25th Percentile | 75th Percentile | Num Zeros |        Mode         | Top Frequent Value  | Frequency of Top Value |
+--------------+----------------+----------------+---------------+---------------------+------------+------------+-------------+--------------------+----------+-------------------+-----------------+-----------------+-----------+---------------------+---------------------+------------------------+
|  player_id   |     Int64      |       0        |     52759     |       122108        |     6      |     6      |      0      | 134462.82078887016 | 126395.0 | 31199.10262163582 |    113205.5     |    139584.5     |    0.0    |       100001        |       100001        |           1            |
|  first_name  |     object     |       0        |     13008     |        Akmal        |     1      |     43     |     42      |        <NA>        |   <NA>   |       <NA>        |      <NA>       |      <NA>       |    nan    |        David        |        David        |          527           |
|  last_name   |     object     |       0        |     34024     |       Isakov        |     1      |     34     |     33      |        <NA>        |   <NA>   |       <NA>        |      <NA>       |      <NA>       |    nan    |         Lee         |         Lee         |          119           |
|     hand     |     object     |       0        |       5       |          U          |     1      |     1      |      0      |        <NA>        |   <NA>   |       <NA>        |      <NA>       |      <NA>       |    nan    |          U          |          U          |         30793          |
|  birth_date  | datetime64[ns] |     10835      |     14766     | 1990-12-22 00:00:00 |     10     |     10     |      0      |        <NA>        |   <NA>   |       <NA>        |      <NA>       |      <NA>       |    nan    | 1995-02-09 00:00:00 | 1995-02-09 00:00:00 |           15           |
| country_code |     object     |       0        |      203      |         UZB         |     3      |     3      |      0      |        <NA>        |   <NA>   |       <NA>        |      <NA>       |      <NA>       |    nan    |         USA         |         USA         |          8635          |
+--------------+----------------+----------------+---------------+---------------------+------------+------------+-------------+--------------------+----------+-------------------+-----------------+-----------------+-----------+---------------------+---------------------+------------------------+
2024-06-28 13:26:33 - INFO - 
[bold cyan]Additional Information:[/bold cyan]
Shape: (52759, 6)
Total Missing Values: 10835
Total Size (rows * columns): 316554
Memory Usage: 11.60 MB
2024-06-28 13:26:54 - INFO - Number of errors encountered: 0
2024-06-28 13:26:54 - INFO - Total execution time: 00:00:21
