2024-07-03 13:53:54 - INFO - Player DataFrame Summary:
2024-07-03 13:53:55 - INFO - 

[bold magenta]Summary of DataFrame[/bold magenta]
+--------------+----------------+----------------+---------------+---------------------+------------+------------+-------------+--------------------+----------+-------------------+-----------------+-----------------+-----------+---------------------+---------------------+------------------------+
|    Column    |     Dtype      | Missing Values | Unique Values |    Sample Value     | Min Length | Max Length | Span Length |        Mean        |  Median  |      Std Dev      | 25th Percentile | 75th Percentile | Num Zeros |        Mode         | Top Frequent Value  | Frequency of Top Value |
+--------------+----------------+----------------+---------------+---------------------+------------+------------+-------------+--------------------+----------+-------------------+-----------------+-----------------+-----------+---------------------+---------------------+------------------------+
|  player_id   |     Int64      |       0        |     52759     |       134056        |     6      |     6      |      0      | 134462.82078887016 | 126395.0 | 31199.10262163582 |    113205.5     |    139584.5     |    0.0    |       100001        |       100001        |           1            |
|  first_name  |     object     |       0        |     13008     |       Pierre        |     1      |     43     |     42      |        <NA>        |   <NA>   |       <NA>        |      <NA>       |      <NA>       |    nan    |        David        |        David        |          527           |
|  last_name   |     object     |       0        |     34024     |       Luiggi        |     1      |     34     |     33      |        <NA>        |   <NA>   |       <NA>        |      <NA>       |      <NA>       |    nan    |         Lee         |         Lee         |          119           |
|     hand     |     object     |       0        |       5       |          U          |     1      |     1      |      0      |        <NA>        |   <NA>   |       <NA>        |      <NA>       |      <NA>       |    nan    |          U          |          U          |         30793          |
|  birth_date  | datetime64[ns] |     10835      |     14766     | 1998-07-05 00:00:00 |     10     |     10     |      0      |        <NA>        |   <NA>   |       <NA>        |      <NA>       |      <NA>       |    nan    | 1995-02-09 00:00:00 | 1995-02-09 00:00:00 |           15           |
| country_code |     object     |       0        |      203      |         GBR         |     3      |     3      |      0      |        <NA>        |   <NA>   |       <NA>        |      <NA>       |      <NA>       |    nan    |         USA         |         USA         |          8635          |
+--------------+----------------+----------------+---------------+---------------------+------------+------------+-------------+--------------------+----------+-------------------+-----------------+-----------------+-----------+---------------------+---------------------+------------------------+
2024-07-03 13:53:55 - INFO - 
[bold cyan]Additional Information:[/bold cyan]
Shape: (52759, 6)
Total Missing Values: 10835
Total Size (rows * columns): 316554
Memory Usage: 11.60 MB
2024-07-03 13:53:56 - ERROR - An error occurred: (pyodbc.DataError) ('22018', '[22018] [Microsoft][ODBC Driver 17 for SQL Server][SQL Server]Operand type clash: datetime2 is incompatible with float (206) (SQLExecDirectW); [22018] [Microsoft][ODBC Driver 17 for SQL Server][SQL Server]Statement(s) could not be prepared. (8180)')
[SQL: INSERT INTO [ATP_Players_Raw] (player_id, first_name, last_name, hand, birth_date, country_code) VALUES (?, ?, ?, ?, ?, ?), (?, ?, ?, ?, ?, ?), (?, ?, ?, ?, ?, ?), (?, ?, ?, ?, ?, ?), (?, ?, ?, ?, ?, ?), (?, ?, ?, ?, ?, ?), (?, ?, ?, ?, ?, ?), (?, ?, ... 6732 characters truncated ... , (?, ?, ?, ?, ?, ?), (?, ?, ?, ?, ?, ?), (?, ?, ?, ?, ?, ?), (?, ?, ?, ?, ?, ?), (?, ?, ?, ?, ?, ?)]
[parameters: (100001, 'Gardnar', 'Mulloy', 'R', datetime.datetime(1913, 11, 22, 0, 0), 'USA', 100002, 'Pancho', 'Segura', 'R', datetime.datetime(1921, 6, 20, 0, 0), 'ECU', 100003, 'Frank', 'Sedgman', 'R', datetime.datetime(1927, 10, 2, 0, 0), 'AUS', 100004, 'Giuseppe', 'Merlo', 'R', datetime.datetime(1927, 10, 11, 0, 0), 'ITA', 100005, 'Richard Pancho', 'Gonzales', 'R', datetime.datetime(1928, 5, 9, 0, 0), 'USA', 100006, 'Grant', 'Golden', 'R', datetime.datetime(1929, 8, 21, 0, 0), 'USA', 100007, 'Abe', 'Segal', 'L', datetime.datetime(1930, 10, 23, 0, 0), 'RSA', 100008, 'Kurt', 'Nielsen', 'R', datetime.datetime(1930, 11, 19, 0, 0), 'DEN', 100009, 'Istvan' ... 1994 parameters truncated ... datetime.datetime(1954, 7, 21, 0, 0), 'USA', 100342, 'Vitas', 'Gerulaitis', 'R', datetime.datetime(1954, 7, 26, 0, 0), 'USA', 100343, 'John', 'Lloyd', 'R', datetime.datetime(1954, 8, 27, 0, 0), 'GBR', 100344, 'Eric', 'Friedler', 'R', datetime.datetime(1954, 9, 8, 0, 0), 'USA', 100345, 'Pat', 'Dupre', 'R', datetime.datetime(1954, 9, 16, 0, 0), 'USA', 100346, 'Paul', 'Kronk', 'R', datetime.datetime(1954, 9, 22, 0, 0), 'AUS', 100347, 'Peter', 'Kronk', 'R', datetime.datetime(1954, 9, 22, 0, 0), 'AUS', 100348, 'Gerard', 'Toulon', 'R', datetime.datetime(1954, 9, 24, 0, 0), 'FRA', 100349, 'Glen', 'Holroyd', 'R', datetime.datetime(1954, 9, 25, 0, 0), 'USA')]
(Background on this error at: https://sqlalche.me/e/20/9h9h)
2024-07-03 13:53:56 - INFO - Number of errors encountered: 1
2024-07-03 13:53:56 - INFO - Total execution time: 00:00:03
