2024-06-28 23:51:57 - INFO - 'fatal-police-shootings-agencies.xlsx' DataFrame Summary:
2024-06-28 23:51:57 - INFO - 

[bold magenta]Summary of DataFrame[/bold magenta]
+-----------------+--------+----------------+---------------+--------------------------------------+------------+------------+-------------+-------------------+--------+--------------------+-----------------+-----------------+-----------+-----------------------+-----------------------+------------------------+
|     Column      | Dtype  | Missing Values | Unique Values |             Sample Value             | Min Length | Max Length | Span Length |       Mean        | Median |      Std Dev       | 25th Percentile | 75th Percentile | Num Zeros |         Mode          |  Top Frequent Value   | Frequency of Top Value |
+-----------------+--------+----------------+---------------+--------------------------------------+------------+------------+-------------+-------------------+--------+--------------------+-----------------+-----------------+-----------+-----------------------+-----------------------+------------------------+
|       id        | int32  |       0        |     3256      |                 991                  |     1      |     5      |      4      | 2647.382371007371 | 2059.5 | 3697.2094221449743 |     1184.75     |     2938.25     |    0.0    |         3145          |         3145          |           1            |
|      name       | object |       0        |     2787      | Hernando County Sheriff's Department |     13     |     87     |     74      |        nan        |  nan   |        nan         |       nan       |       nan       |    nan    | U.S. Marshals Service | U.S. Marshals Service |           36           |
|      type       | object |       12       |       7       |               sheriff                |     5      |     12     |      7      |        nan        |  nan   |        nan         |       nan       |       nan       |    nan    |     local_police      |     local_police      |          1948          |
|      state      | object |       0        |      52       |                  FL                  |     2      |     2      |      0      |        nan        |  nan   |        nan         |       nan       |       nan       |    nan    |          CA           |          CA           |          253           |
|    oricodes     | object |      100       |     3122      |               FL02700                |     5      |    1207    |    1202     |        nan        |  nan   |        nan         |       nan       |       nan       |    nan    |        KY00500        |        UT01800        |           2            |
| total_shootings | int32  |       0        |      49       |                  10                  |     1      |     3      |      2      | 2.812960687960688 |  1.0   | 5.935006229385722  |       1.0       |       2.0       |    0.0    |           1           |           1           |          1931          |
+-----------------+--------+----------------+---------------+--------------------------------------+------------+------------+-------------+-------------------+--------+--------------------+-----------------+-----------------+-----------+-----------------------+-----------------------+------------------------+
2024-06-28 23:51:57 - INFO - 
[bold cyan]Additional Information:[/bold cyan]
Shape: (3256, 6)
Total Missing Values: 112
Total Size (rows * columns): 19536
Memory Usage: 0.80 MB
2024-06-28 23:51:57 - INFO - 'Ethnicity Data USA.xlsx' DataFrame Summary:
2024-06-28 23:51:57 - INFO - 

[bold magenta]Summary of DataFrame[/bold magenta]
+------------------+--------+----------------+---------------+--------------+------------+------------+-------------+--------------------+-----------+--------------------+-----------------+-----------------+-----------+---------+--------------------+------------------------+
|      Column      | Dtype  | Missing Values | Unique Values | Sample Value | Min Length | Max Length | Span Length |        Mean        |  Median   |      Std Dev       | 25th Percentile | 75th Percentile | Num Zeros |  Mode   | Top Frequent Value | Frequency of Top Value |
+------------------+--------+----------------+---------------+--------------+------------+------------+-------------+--------------------+-----------+--------------------+-----------------+-----------------+-----------+---------+--------------------+------------------------+
|      State       | object |       0        |      51       |   New York   |     4      |     20     |     16      |        nan         |    nan    |        nan         |       nan       |       nan       |    nan    | Alabama |      Alabama       |           1            |
| Total population | int32  |       0        |      51       |   19849399   |     6      |     8      |      2      | 6386650.549019608  | 4454189.0 | 7316763.251285247  |    1766400.0    |    7211006.5    |    0.0    | 4874747 |      4874747       |           1            |
|      White       | int32  |       0        |      51       |   10936578   |     6      |     8      |      2      | 3868337.294117647  | 3066146.0 | 3383810.7857579645 |    1327196.0    |    5019664.5    |    0.0    | 3191450 |      3191450       |           1            |
|      Black       | int32  |       0        |      51       |   2846481    |     4      |     7      |      3      | 786854.7647058824  | 354320.0  | 944264.6448873237  |     64277.0     |    1352002.5    |    0.0    | 1302295 |      1302295       |           1            |
|     Hispanic     | int32  |       0        |      51       |   3811654    |     5      |     8      |      3      | 1153845.7647058824 | 361203.0  | 2697837.6451701657 |    152644.0     |    901545.5     |    0.0    | 201970  |       201970       |           1            |
|      Asian       | int32  |       0        |      51       |   1718948    |     4      |     7      |      3      | 352938.1568627451  | 118312.0  | 831929.0677685296  |     38101.0     |    347836.5     |    0.0    |  65494  |       65494        |           1            |
| American Indian  | int32  |       0        |      51       |    41752     |     4      |     6      |      2      |      42062.0       |  18335.0  |  61518.1506796165  |     9566.5      |     43659.0     |    0.0    |  22209  |       22209        |           1            |
+------------------+--------+----------------+---------------+--------------+------------+------------+-------------+--------------------+-----------+--------------------+-----------------+-----------------+-----------+---------+--------------------+------------------------+
2024-06-28 23:51:57 - INFO - 
[bold cyan]Additional Information:[/bold cyan]
Shape: (51, 7)
Total Missing Values: 0
Total Size (rows * columns): 357
Memory Usage: 0.00 MB
