2024-06-28 23:56:10 - INFO - 'fatal-police-shootings-agencies.xlsx' DataFrame Summary:
2024-06-28 23:56:10 - INFO - 

[bold magenta]Summary of DataFrame[/bold magenta]
+-----------------+--------+----------------+---------------+--------------------------------+------------+------------+-------------+-------------------+--------+--------------------+-----------------+-----------------+-----------+-----------------------+-----------------------+------------------------+
|     Column      | Dtype  | Missing Values | Unique Values |          Sample Value          | Min Length | Max Length | Span Length |       Mean        | Median |      Std Dev       | 25th Percentile | 75th Percentile | Num Zeros |         Mode          |  Top Frequent Value   | Frequency of Top Value |
+-----------------+--------+----------------+---------------+--------------------------------+------------+------------+-------------+-------------------+--------+--------------------+-----------------+-----------------+-----------+-----------------------+-----------------------+------------------------+
|       id        | int32  |       0        |     3256      |              2855              |     1      |     5      |      4      | 2647.382371007371 | 2059.5 | 3697.2094221449743 |     1184.75     |     2938.25     |    0.0    |         3145          |         3145          |           1            |
|      name       | object |       0        |     2787      | Johnson City Police Department |     13     |     87     |     74      |        nan        |  nan   |        nan         |       nan       |       nan       |    nan    | U.S. Marshals Service | U.S. Marshals Service |           36           |
|      type       | object |       12       |       7       |          local_police          |     5      |     12     |      7      |        nan        |  nan   |        nan         |       nan       |       nan       |    nan    |     local_police      |     local_police      |          1948          |
|      state      | object |       0        |      52       |               TN               |     2      |     2      |      0      |        nan        |  nan   |        nan         |       nan       |       nan       |    nan    |          CA           |          CA           |          253           |
|    oricodes     | object |      100       |     3122      |            TN09001             |     5      |    1207    |    1202     |        nan        |  nan   |        nan         |       nan       |       nan       |    nan    |        KY00500        |        UT01800        |           2            |
| total_shootings | int32  |       0        |      49       |               2                |     1      |     3      |      2      | 2.812960687960688 |  1.0   | 5.935006229385722  |       1.0       |       2.0       |    0.0    |           1           |           1           |          1931          |
+-----------------+--------+----------------+---------------+--------------------------------+------------+------------+-------------+-------------------+--------+--------------------+-----------------+-----------------+-----------+-----------------------+-----------------------+------------------------+
2024-06-28 23:56:10 - INFO - 
[bold cyan]Additional Information:[/bold cyan]
Shape: (3256, 6)
Total Missing Values: 112
Total Size (rows * columns): 19536
Memory Usage: 0.80 MB
2024-06-28 23:56:10 - INFO - 'Ethnicity Data USA.xlsx' DataFrame Summary:
2024-06-28 23:56:10 - INFO - 

[bold magenta]Summary of DataFrame[/bold magenta]
+------------------+--------+----------------+---------------+--------------+------------+------------+-------------+--------------------+-----------+--------------------+-----------------+-----------------+-----------+---------+--------------------+------------------------+
|      Column      | Dtype  | Missing Values | Unique Values | Sample Value | Min Length | Max Length | Span Length |        Mean        |  Median   |      Std Dev       | 25th Percentile | 75th Percentile | Num Zeros |  Mode   | Top Frequent Value | Frequency of Top Value |
+------------------+--------+----------------+---------------+--------------+------------+------------+-------------+--------------------+-----------+--------------------+-----------------+-----------------+-----------+---------+--------------------+------------------------+
|      State       | object |       0        |      51       |    Kansas    |     4      |     20     |     16      |        nan         |    nan    |        nan         |       nan       |       nan       |    nan    | Alabama |      Alabama       |           1            |
| Total population | int32  |       0        |      51       |   2913123    |     6      |     8      |      2      | 6386650.549019608  | 4454189.0 | 7316763.251285247  |    1766400.0    |    7211006.5    |    0.0    | 4874747 |      4874747       |           1            |
|      White       | int32  |       0        |      51       |   2210739    |     6      |     8      |      2      | 3868337.294117647  | 3066146.0 | 3383810.7857579645 |    1327196.0    |    5019664.5    |    0.0    | 3191450 |      3191450       |           1            |
|      Black       | int32  |       0        |      51       |    161148    |     4      |     7      |      3      | 786854.7647058824  | 354320.0  | 944264.6448873237  |     64277.0     |    1352002.5    |    0.0    | 1302295 |      1302295       |           1            |
|     Hispanic     | int32  |       0        |      51       |    345510    |     5      |     8      |      3      | 1153845.7647058824 | 361203.0  | 2697837.6451701657 |    152644.0     |    901545.5     |    0.0    | 201970  |       201970       |           1            |
|      Asian       | int32  |       0        |      51       |    85386     |     4      |     7      |      3      | 352938.1568627451  | 118312.0  | 831929.0677685296  |     38101.0     |    347836.5     |    0.0    |  65494  |       65494        |           1            |
| American Indian  | int32  |       0        |      51       |    17617     |     4      |     6      |      2      |      42062.0       |  18335.0  |  61518.1506796165  |     9566.5      |     43659.0     |    0.0    |  22209  |       22209        |           1            |
+------------------+--------+----------------+---------------+--------------+------------+------------+-------------+--------------------+-----------+--------------------+-----------------+-----------------+-----------+---------+--------------------+------------------------+
2024-06-28 23:56:10 - INFO - 
[bold cyan]Additional Information:[/bold cyan]
Shape: (51, 7)
Total Missing Values: 0
Total Size (rows * columns): 357
Memory Usage: 0.00 MB
2024-06-28 23:56:11 - INFO - 'uscities.csv' DataFrame Summary:
2024-06-28 23:56:11 - INFO - 

[bold magenta]Summary of DataFrame[/bold magenta]
+-----------------+--------+----------------+---------------+-------------------+------------+------------+-------------+----------------------+--------------+---------------------+-----------------+-----------------+-----------+-----------------+--------------------+------------------------+
|     Column      | Dtype  | Missing Values | Unique Values |   Sample Value    | Min Length | Max Length | Span Length |         Mean         |    Median    |       Std Dev       | 25th Percentile | 75th Percentile | Num Zeros |      Mode       | Top Frequent Value | Frequency of Top Value |
+-----------------+--------+----------------+---------------+-------------------+------------+------------+-------------+----------------------+--------------+---------------------+-----------------+-----------------+-----------+-----------------+--------------------+------------------------+
|      city       | object |       0        |     19387     |   West Memphis    |     3      |     35     |     32      |         nan          |     nan      |         nan         |       nan       |       nan       |    nan    |    Franklin     |      Franklin      |           28           |
|   city_ascii    | object |       0        |     19382     |   West Memphis    |     3      |     35     |     32      |         nan          |     nan      |         nan         |       nan       |       nan       |    nan    |    Franklin     |      Franklin      |           28           |
|    state_id     | object |       0        |      52       |        AR         |     2      |     2      |      0      |         nan          |     nan      |         nan         |       nan       |       nan       |    nan    |       PA        |         PA         |          1728          |
|   state_name    | object |       0        |      52       |     Arkansas      |     4      |     20     |     16      |         nan          |     nan      |         nan         |       nan       |       nan       |    nan    |  Pennsylvania   |    Pennsylvania    |          1728          |
|   county_fips   | int32  |       0        |     3209      |       5035        |     4      |     5      |      1      |  29898.015334556407  |   30017.0    | 15826.827986923741  |     17187.0     |     42043.0     |    0.0    |      36103      |       36103        |          146           |
|   county_name   | object |       0        |     1906      |    Crittenden     |     3      |     21     |     18      |         nan          |     nan      |         nan         |       nan       |       nan       |    nan    |    Jefferson    |     Jefferson      |          400           |
| county_fips_all | object |       0        |     4031      |       05035       |     5      |     29     |     24      |         nan          |     nan      |         nan         |       nan       |       nan       |    nan    |      36103      |       36103        |          146           |
| county_name_all | object |       0        |     2728      |    Crittenden     |     3      |     40     |     37      |         nan          |     nan      |         nan         |       nan       |       nan       |    nan    |    Jefferson    |     Jefferson      |          386           |
|       lat       | int32  |       0        |     26585     |      351531       |     6      |     6      |      0      |  386617.6703243449   |   393828.0   |  58911.16151911419  |    351660.0     |    418071.0     |    0.0    |     405903      |       310755       |           4            |
|       lng       | int32  |       0        |     27843     |      -901995      |     7      |     8      |      1      |  -929293.3022603759  |  -901984.0   | 156976.34552766194  |    -983031.0    |    -817708.0    |    0.0    |     -881291     |      -947182       |           3            |
|   population    | int32  |       0        |     10792     |       24860       |     1      |     9      |      8      |  95043.86306206515   |    1065.0    | 1875546.3575524732  |      323.0      |     6022.0      |   216.0   |        0        |         0          |          216           |
|     density     | int32  |       0        |     2758      |        332        |     1      |     5      |      4      |  515.8769427809893   |    297.0     |  827.5679470952143  |      115.0      |      600.0      |   317.0   |        0        |         0          |          317           |
|     source      | object |       0        |       2       |      polygon      |     5      |     7      |      2      |         nan          |     nan      |         nan         |       nan       |       nan       |    nan    |     polygon     |      polygon       |         28886          |
|    military     |  bool  |       0        |       2       |       False       |     4      |     5      |      1      | 0.003011526878742774 |     0.0      | 0.05479563412374609 |       nan       |       nan       |  28802.0  |      False      |       False        |         28802          |
|  incorporated   |  bool  |       0        |       2       |       True        |     4      |     5      |      1      |  0.7130395652324414  |     1.0      | 0.4523507783355648  |       nan       |       nan       |  8290.0   |      True       |        True        |         20599          |
|    timezone     | object |       0        |      38       |  America/Chicago  |     12     |     30     |     18      |         nan          |     nan      |         nan         |       nan       |       nan       |    nan    | America/Chicago |  America/Chicago   |         11925          |
|     ranking     | int32  |       0        |       3       |         3         |     1      |     1      |      0      |  2.946554051715186   |     3.0      | 0.23249274203423254 |       3.0       |       3.0       |    0.0    |        3        |         3          |         27395          |
|      zips       | object |       1        |     24287     | 72301 72364 72303 |     5      |    1853    |    1848     |         nan          |     nan      |         nan         |       nan       |       nan       |    nan    |      78582      |       78582        |           72           |
|       id        | int32  |       0        |     28889     |    1840015448     |     10     |     10     |      0      |   1838257676.54834   | 1840014817.0 |  19138769.82994292  |  1840007493.0   |  1840022264.0   |    0.0    |   1840042007    |     1840042007     |           1            |
+-----------------+--------+----------------+---------------+-------------------+------------+------------+-------------+----------------------+--------------+---------------------+-----------------+-----------------+-----------+-----------------+--------------------+------------------------+
2024-06-28 23:56:12 - INFO - 
[bold cyan]Additional Information:[/bold cyan]
Shape: (28889, 19)
Total Missing Values: 1
Total Size (rows * columns): 548891
Memory Usage: 16.53 MB
